# JRE version: Java(TM) SE Runtime Environment (8.0_102-b14) (build 1.8.0_102-b14)
# Java VM: Java HotSpot(TM) 64-Bit Server VM (25.102-b14 mixed mode windows-amd64 compressed oops)
Heap:
 garbage-first heap   total 270336K, used 59795K [0x00000000c0000000, 0x00000000c0100840, 0x0000000100000000)
  region size 1024K, 8 young (8192K), 8 survivors (8192K)
 Metaspace       used 39662K, capacity 41918K, committed 42192K, reserved 1087488K
  class space    used 4325K, capacity 5007K, committed 5072K, reserved 1048576K
GC Heap History (10 events):
Event: 272.828 GC heap after
Heap after GC invocations=35 (full 0):
 garbage-first heap   total 67584K, used 48741K [0x00000000c0000000, 0x00000000c0100210, 0x0000000100000000)
  region size 1024K, 2 young (2048K), 2 survivors (2048K)
 Metaspace       used 39647K, capacity 41854K, committed 41936K, reserved 1085440K
  class space    used 4324K, capacity 5007K, committed 5072K, reserved 1048576K
}
Event: 273.009 GC heap before
{Heap before GC invocations=36 (full 0):
 garbage-first heap   total 67584K, used 57957K [0x00000000c0000000, 0x00000000c0100210, 0x0000000100000000)
  region size 1024K, 11 young (11264K), 2 survivors (2048K)
 Metaspace       used 39647K, capacity 41854K, committed 41936K, reserved 1085440K
  class space    used 4324K, capacity 5007K, committed 5072K, reserved 1048576K
Event: 273.017 GC heap after
Heap after GC invocations=37 (full 0):
 garbage-first heap   total 67584K, used 51685K [0x00000000c0000000, 0x00000000c0100210, 0x0000000100000000)
  region size 1024K, 2 young (2048K), 2 survivors (2048K)
 Metaspace       used 39647K, capacity 41854K, committed 41936K, reserved 1085440K
  class space    used 4324K, capacity 5007K, committed 5072K, reserved 1048576K
}
Event: 273.019 GC heap before
{Heap before GC invocations=37 (full 0):
 garbage-first heap   total 67584K, used 52709K [0x00000000c0000000, 0x00000000c0100210, 0x0000000100000000)
  region size 1024K, 3 young (3072K), 2 survivors (2048K)
 Metaspace       used 39647K, capacity 41854K, committed 41936K, reserved 1085440K
  class space    used 4324K, capacity 5007K, committed 5072K, reserved 1048576K
Event: 273.033 GC heap after
Heap after GC invocations=38 (full 0):
 garbage-first heap   total 67584K, used 49318K [0x00000000c0000000, 0x00000000c0100210, 0x0000000100000000)
  region size 1024K, 1 young (1024K), 1 survivors (1024K)
 Metaspace       used 39647K, capacity 41854K, committed 41936K, reserved 1085440K
  class space    used 4324K, capacity 5007K, committed 5072K, reserved 1048576K
}
Event: 273.041 GC heap before
{Heap before GC invocations=38 (full 0):
 garbage-first heap   total 67584K, used 51366K [0x00000000c0000000, 0x00000000c0100210, 0x0000000100000000)
  region size 1024K, 3 young (3072K), 1 survivors (1024K)
 Metaspace       used 39647K, capacity 41854K, committed 41936K, reserved 1085440K
  class space    used 4324K, capacity 5007K, committed 5072K, reserved 1048576K
Event: 273.058 GC heap after
Heap after GC invocations=39 (full 0):
 garbage-first heap   total 67584K, used 50081K [0x00000000c0000000, 0x00000000c0100210, 0x0000000100000000)
  region size 1024K, 1 young (1024K), 1 survivors (1024K)
 Metaspace       used 39647K, capacity 41854K, committed 41936K, reserved 1085440K
  class space    used 4324K, capacity 5007K, committed 5072K, reserved 1048576K
}
Event: 273.084 GC heap before
{Heap before GC invocations=39 (full 0):
 garbage-first heap   total 67584K, used 57249K [0x00000000c0000000, 0x00000000c0100210, 0x0000000100000000)
  region size 1024K, 8 young (8192K), 1 survivors (1024K)
 Metaspace       used 39652K, capacity 41854K, committed 41936K, reserved 1085440K
  class space    used 4325K, capacity 5007K, committed 5072K, reserved 1048576K
Event: 273.100 GC heap after
Heap after GC invocations=40 (full 0):
 garbage-first heap   total 135168K, used 52509K [0x00000000c0000000, 0x00000000c0100420, 0x0000000100000000)
  region size 1024K, 1 young (1024K), 1 survivors (1024K)
 Metaspace       used 39652K, capacity 41854K, committed 41936K, reserved 1085440K
  class space    used 4325K, capacity 5007K, committed 5072K, reserved 1048576K
}
Event: 274.079 GC heap before
{Heap before GC invocations=40 (full 0):
 garbage-first heap   total 135168K, used 111901K [0x00000000c0000000, 0x00000000c0100420, 0x0000000100000000)
  region size 1024K, 59 young (60416K), 1 survivors (1024K)
 Metaspace       used 39662K, capacity 41918K, committed 42192K, reserved 1087488K
  class space    used 4325K, capacity 5007K, committed 5072K, reserved 1048576K

